This is pdfTeX, Version 3.141592653-2.6-1.40.25 (TeX Live 2023/nixos.org) (preloaded format=pdflatex 1980.1.1)  1 APR 2025 18:13
entering extended mode
 \write18 enabled.
 file:line:error style messages enabled.
 %&-line parsing enabled.
**main.tex
(./main.tex
LaTeX2e <2023-11-01> patch level 1
L3 programming layer <2024-02-20>
(/nix/store/pwinl16ra67ia9iljw6kczkblbxay892-texlive-2023-env-texmfdist/tex/latex/base/article.cls
Document Class: article 2023/05/17 v1.4n Standard LaTeX document class
(/nix/store/pwinl16ra67ia9iljw6kczkblbxay892-texlive-2023-env-texmfdist/tex/latex/base/size12.clo
File: size12.clo 2023/05/17 v1.4n Standard LaTeX file (size option)
)
\c@part=\count188
\c@section=\count189
\c@subsection=\count190
\c@subsubsection=\count191
\c@paragraph=\count192
\c@subparagraph=\count193
\c@figure=\count194
\c@table=\count195
\abovecaptionskip=\skip48
\belowcaptionskip=\skip49
\bibindent=\dimen140
) (../../xlatex/imports/preamble.tex (/nix/store/pwinl16ra67ia9iljw6kczkblbxay892-texlive-2023-env-texmfdist/tex/latex/pgf/frontendlayer/tikz.sty (/nix/store/pwinl16ra67ia9iljw6kczkblbxay892-texlive-2023-env-texmfdist/tex/latex/pgf/basiclayer/pgf.sty (/nix/store/pwinl16ra67ia9iljw6kczkblbxay892-texlive-2023-env-texmfdist/tex/latex/pgf/utilities/pgfrcs.sty (/nix/store/pwinl16ra67ia9iljw6kczkblbxay892-texlive-2023-env-texmfdist/tex/generic/pgf/utilities/pgfutil-common.tex
\pgfutil@everybye=\toks17
\pgfutil@tempdima=\dimen141
\pgfutil@tempdimb=\dimen142
) (/nix/store/pwinl16ra67ia9iljw6kczkblbxay892-texlive-2023-env-texmfdist/tex/generic/pgf/utilities/pgfutil-latex.def
\pgfutil@abb=\box51
) (/nix/store/pwinl16ra67ia9iljw6kczkblbxay892-texlive-2023-env-texmfdist/tex/generic/pgf/utilities/pgfrcs.code.tex (/nix/store/pwinl16ra67ia9iljw6kczkblbxay892-texlive-2023-env-texmfdist/tex/generic/pgf/pgf.revision.tex)
Package: pgfrcs 2023-01-15 v3.1.10 (3.1.10)
))
Package: pgf 2023-01-15 v3.1.10 (3.1.10)
 (/nix/store/pwinl16ra67ia9iljw6kczkblbxay892-texlive-2023-env-texmfdist/tex/latex/pgf/basiclayer/pgfcore.sty (/nix/store/pwinl16ra67ia9iljw6kczkblbxay892-texlive-2023-env-texmfdist/tex/latex/graphics/graphicx.sty
Package: graphicx 2021/09/16 v1.2d Enhanced LaTeX Graphics (DPC,SPQR)
 (/nix/store/pwinl16ra67ia9iljw6kczkblbxay892-texlive-2023-env-texmfdist/tex/latex/graphics/keyval.sty
Package: keyval 2022/05/29 v1.15 key=value parser (DPC)
\KV@toks@=\toks18
) (/nix/store/pwinl16ra67ia9iljw6kczkblbxay892-texlive-2023-env-texmfdist/tex/latex/graphics/graphics.sty
Package: graphics 2022/03/10 v1.4e Standard LaTeX Graphics (DPC,SPQR)
 (/nix/store/pwinl16ra67ia9iljw6kczkblbxay892-texlive-2023-env-texmfdist/tex/latex/graphics/trig.sty
Package: trig 2021/08/11 v1.11 sin cos tan (DPC)
) (/nix/store/pwinl16ra67ia9iljw6kczkblbxay892-texlive-2023-env-texmfdist/tex/latex/graphics-cfg/graphics.cfg
File: graphics.cfg 2016/06/04 v1.11 sample graphics configuration
)
Package graphics Info: Driver file: pdftex.def on input line 107.
 (/nix/store/pwinl16ra67ia9iljw6kczkblbxay892-texlive-2023-env-texmfdist/tex/latex/graphics-def/pdftex.def
File: pdftex.def 2022/09/22 v1.2b Graphics/color driver for pdftex
))
\Gin@req@height=\dimen143
\Gin@req@width=\dimen144
) (/nix/store/pwinl16ra67ia9iljw6kczkblbxay892-texlive-2023-env-texmfdist/tex/latex/pgf/systemlayer/pgfsys.sty (/nix/store/pwinl16ra67ia9iljw6kczkblbxay892-texlive-2023-env-texmfdist/tex/generic/pgf/systemlayer/pgfsys.code.tex
Package: pgfsys 2023-01-15 v3.1.10 (3.1.10)
 (/nix/store/pwinl16ra67ia9iljw6kczkblbxay892-texlive-2023-env-texmfdist/tex/generic/pgf/utilities/pgfkeys.code.tex
\pgfkeys@pathtoks=\toks19
\pgfkeys@temptoks=\toks20

(/nix/store/pwinl16ra67ia9iljw6kczkblbxay892-texlive-2023-env-texmfdist/tex/generic/pgf/utilities/pgfkeyslibraryfiltered.code.tex
\pgfkeys@tmptoks=\toks21
))
\pgf@x=\dimen145
\pgf@y=\dimen146
\pgf@xa=\dimen147
\pgf@ya=\dimen148
\pgf@xb=\dimen149
\pgf@yb=\dimen150
\pgf@xc=\dimen151
\pgf@yc=\dimen152
\pgf@xd=\dimen153
\pgf@yd=\dimen154
\w@pgf@writea=\write3
\r@pgf@reada=\read2
\c@pgf@counta=\count196
\c@pgf@countb=\count197
\c@pgf@countc=\count198
\c@pgf@countd=\count199
\t@pgf@toka=\toks22
\t@pgf@tokb=\toks23
\t@pgf@tokc=\toks24
\pgf@sys@id@count=\count266
 (/nix/store/pwinl16ra67ia9iljw6kczkblbxay892-texlive-2023-env-texmfdist/tex/generic/pgf/systemlayer/pgf.cfg
File: pgf.cfg 2023-01-15 v3.1.10 (3.1.10)
)
Driver file for pgf: pgfsys-pdftex.def
 (/nix/store/pwinl16ra67ia9iljw6kczkblbxay892-texlive-2023-env-texmfdist/tex/generic/pgf/systemlayer/pgfsys-pdftex.def
File: pgfsys-pdftex.def 2023-01-15 v3.1.10 (3.1.10)
 (/nix/store/pwinl16ra67ia9iljw6kczkblbxay892-texlive-2023-env-texmfdist/tex/generic/pgf/systemlayer/pgfsys-common-pdf.def
File: pgfsys-common-pdf.def 2023-01-15 v3.1.10 (3.1.10)
))) (/nix/store/pwinl16ra67ia9iljw6kczkblbxay892-texlive-2023-env-texmfdist/tex/generic/pgf/systemlayer/pgfsyssoftpath.code.tex
File: pgfsyssoftpath.code.tex 2023-01-15 v3.1.10 (3.1.10)
\pgfsyssoftpath@smallbuffer@items=\count267
\pgfsyssoftpath@bigbuffer@items=\count268
) (/nix/store/pwinl16ra67ia9iljw6kczkblbxay892-texlive-2023-env-texmfdist/tex/generic/pgf/systemlayer/pgfsysprotocol.code.tex
File: pgfsysprotocol.code.tex 2023-01-15 v3.1.10 (3.1.10)
)) (/nix/store/pwinl16ra67ia9iljw6kczkblbxay892-texlive-2023-env-texmfdist/tex/latex/xcolor/xcolor.sty
Package: xcolor 2023/11/15 v3.01 LaTeX color extensions (UK)
 (/nix/store/pwinl16ra67ia9iljw6kczkblbxay892-texlive-2023-env-texmfdist/tex/latex/graphics-cfg/color.cfg
File: color.cfg 2016/01/02 v1.6 sample color configuration
)
Package xcolor Info: Driver file: pdftex.def on input line 274.
 (/nix/store/pwinl16ra67ia9iljw6kczkblbxay892-texlive-2023-env-texmfdist/tex/latex/graphics/mathcolor.ltx)
Package xcolor Info: Model `cmy' substituted by `cmy0' on input line 1350.
Package xcolor Info: Model `hsb' substituted by `rgb' on input line 1354.
Package xcolor Info: Model `RGB' extended on input line 1366.
Package xcolor Info: Model `HTML' substituted by `rgb' on input line 1368.
Package xcolor Info: Model `Hsb' substituted by `hsb' on input line 1369.
Package xcolor Info: Model `tHsb' substituted by `hsb' on input line 1370.
Package xcolor Info: Model `HSB' substituted by `hsb' on input line 1371.
Package xcolor Info: Model `Gray' substituted by `gray' on input line 1372.
Package xcolor Info: Model `wave' substituted by `hsb' on input line 1373.
) (/nix/store/pwinl16ra67ia9iljw6kczkblbxay892-texlive-2023-env-texmfdist/tex/generic/pgf/basiclayer/pgfcore.code.tex
Package: pgfcore 2023-01-15 v3.1.10 (3.1.10)
 (/nix/store/pwinl16ra67ia9iljw6kczkblbxay892-texlive-2023-env-texmfdist/tex/generic/pgf/math/pgfmath.code.tex (/nix/store/pwinl16ra67ia9iljw6kczkblbxay892-texlive-2023-env-texmfdist/tex/generic/pgf/math/pgfmathutil.code.tex) (/nix/store/pwinl16ra67ia9iljw6kczkblbxay892-texlive-2023-env-texmfdist/tex/generic/pgf/math/pgfmathparser.code.tex
\pgfmath@dimen=\dimen155
\pgfmath@count=\count269
\pgfmath@box=\box52
\pgfmath@toks=\toks25
\pgfmath@stack@operand=\toks26
\pgfmath@stack@operation=\toks27
) (/nix/store/pwinl16ra67ia9iljw6kczkblbxay892-texlive-2023-env-texmfdist/tex/generic/pgf/math/pgfmathfunctions.code.tex) (/nix/store/pwinl16ra67ia9iljw6kczkblbxay892-texlive-2023-env-texmfdist/tex/generic/pgf/math/pgfmathfunctions.basic.code.tex) (/nix/store/pwinl16ra67ia9iljw6kczkblbxay892-texlive-2023-env-texmfdist/tex/generic/pgf/math/pgfmathfunctions.trigonometric.code.tex)
(/nix/store/pwinl16ra67ia9iljw6kczkblbxay892-texlive-2023-env-texmfdist/tex/generic/pgf/math/pgfmathfunctions.random.code.tex) (/nix/store/pwinl16ra67ia9iljw6kczkblbxay892-texlive-2023-env-texmfdist/tex/generic/pgf/math/pgfmathfunctions.comparison.code.tex) (/nix/store/pwinl16ra67ia9iljw6kczkblbxay892-texlive-2023-env-texmfdist/tex/generic/pgf/math/pgfmathfunctions.base.code.tex) (/nix/store/pwinl16ra67ia9iljw6kczkblbxay892-texlive-2023-env-texmfdist/tex/generic/pgf/math/pgfmathfunctions.round.code.tex) (/nix/store/pwinl16ra67ia9iljw6kczkblbxay892-texlive-2023-env-texmfdist/tex/generic/pgf/math/pgfmathfunctions.misc.code.tex) (/nix/store/pwinl16ra67ia9iljw6kczkblbxay892-texlive-2023-env-texmfdist/tex/generic/pgf/math/pgfmathfunctions.integerarithmetics.code.tex) (/nix/store/pwinl16ra67ia9iljw6kczkblbxay892-texlive-2023-env-texmfdist/tex/generic/pgf/math/pgfmathcalc.code.tex) (/nix/store/pwinl16ra67ia9iljw6kczkblbxay892-texlive-2023-env-texmfdist/tex/generic/pgf/math/pgfmathfloat.code.tex
\c@pgfmathroundto@lastzeros=\count270
)) (/nix/store/pwinl16ra67ia9iljw6kczkblbxay892-texlive-2023-env-texmfdist/tex/generic/pgf/math/pgfint.code.tex) (/nix/store/pwinl16ra67ia9iljw6kczkblbxay892-texlive-2023-env-texmfdist/tex/generic/pgf/basiclayer/pgfcorepoints.code.tex
File: pgfcorepoints.code.tex 2023-01-15 v3.1.10 (3.1.10)
\pgf@picminx=\dimen156
\pgf@picmaxx=\dimen157
\pgf@picminy=\dimen158
\pgf@picmaxy=\dimen159
\pgf@pathminx=\dimen160
\pgf@pathmaxx=\dimen161
\pgf@pathminy=\dimen162
\pgf@pathmaxy=\dimen163
\pgf@xx=\dimen164
\pgf@xy=\dimen165
\pgf@yx=\dimen166
\pgf@yy=\dimen167
\pgf@zx=\dimen168
\pgf@zy=\dimen169
) (/nix/store/pwinl16ra67ia9iljw6kczkblbxay892-texlive-2023-env-texmfdist/tex/generic/pgf/basiclayer/pgfcorepathconstruct.code.tex
File: pgfcorepathconstruct.code.tex 2023-01-15 v3.1.10 (3.1.10)
\pgf@path@lastx=\dimen170
\pgf@path@lasty=\dimen171
) (/nix/store/pwinl16ra67ia9iljw6kczkblbxay892-texlive-2023-env-texmfdist/tex/generic/pgf/basiclayer/pgfcorepathusage.code.tex
File: pgfcorepathusage.code.tex 2023-01-15 v3.1.10 (3.1.10)
\pgf@shorten@end@additional=\dimen172
\pgf@shorten@start@additional=\dimen173
) (/nix/store/pwinl16ra67ia9iljw6kczkblbxay892-texlive-2023-env-texmfdist/tex/generic/pgf/basiclayer/pgfcorescopes.code.tex
File: pgfcorescopes.code.tex 2023-01-15 v3.1.10 (3.1.10)
\pgfpic=\box53
\pgf@hbox=\box54
\pgf@layerbox@main=\box55
\pgf@picture@serial@count=\count271
) (/nix/store/pwinl16ra67ia9iljw6kczkblbxay892-texlive-2023-env-texmfdist/tex/generic/pgf/basiclayer/pgfcoregraphicstate.code.tex
File: pgfcoregraphicstate.code.tex 2023-01-15 v3.1.10 (3.1.10)
\pgflinewidth=\dimen174
) (/nix/store/pwinl16ra67ia9iljw6kczkblbxay892-texlive-2023-env-texmfdist/tex/generic/pgf/basiclayer/pgfcoretransformations.code.tex
File: pgfcoretransformations.code.tex 2023-01-15 v3.1.10 (3.1.10)
\pgf@pt@x=\dimen175
\pgf@pt@y=\dimen176
\pgf@pt@temp=\dimen177
) (/nix/store/pwinl16ra67ia9iljw6kczkblbxay892-texlive-2023-env-texmfdist/tex/generic/pgf/basiclayer/pgfcorequick.code.tex
File: pgfcorequick.code.tex 2023-01-15 v3.1.10 (3.1.10)
)
(/nix/store/pwinl16ra67ia9iljw6kczkblbxay892-texlive-2023-env-texmfdist/tex/generic/pgf/basiclayer/pgfcoreobjects.code.tex
File: pgfcoreobjects.code.tex 2023-01-15 v3.1.10 (3.1.10)
) (/nix/store/pwinl16ra67ia9iljw6kczkblbxay892-texlive-2023-env-texmfdist/tex/generic/pgf/basiclayer/pgfcorepathprocessing.code.tex
File: pgfcorepathprocessing.code.tex 2023-01-15 v3.1.10 (3.1.10)
) (/nix/store/pwinl16ra67ia9iljw6kczkblbxay892-texlive-2023-env-texmfdist/tex/generic/pgf/basiclayer/pgfcorearrows.code.tex
File: pgfcorearrows.code.tex 2023-01-15 v3.1.10 (3.1.10)
\pgfarrowsep=\dimen178
) (/nix/store/pwinl16ra67ia9iljw6kczkblbxay892-texlive-2023-env-texmfdist/tex/generic/pgf/basiclayer/pgfcoreshade.code.tex
File: pgfcoreshade.code.tex 2023-01-15 v3.1.10 (3.1.10)
\pgf@max=\dimen179
\pgf@sys@shading@range@num=\count272
\pgf@shadingcount=\count273
) (/nix/store/pwinl16ra67ia9iljw6kczkblbxay892-texlive-2023-env-texmfdist/tex/generic/pgf/basiclayer/pgfcoreimage.code.tex
File: pgfcoreimage.code.tex 2023-01-15 v3.1.10 (3.1.10)
) (/nix/store/pwinl16ra67ia9iljw6kczkblbxay892-texlive-2023-env-texmfdist/tex/generic/pgf/basiclayer/pgfcoreexternal.code.tex
File: pgfcoreexternal.code.tex 2023-01-15 v3.1.10 (3.1.10)
\pgfexternal@startupbox=\box56
) (/nix/store/pwinl16ra67ia9iljw6kczkblbxay892-texlive-2023-env-texmfdist/tex/generic/pgf/basiclayer/pgfcorelayers.code.tex
File: pgfcorelayers.code.tex 2023-01-15 v3.1.10 (3.1.10)
) (/nix/store/pwinl16ra67ia9iljw6kczkblbxay892-texlive-2023-env-texmfdist/tex/generic/pgf/basiclayer/pgfcoretransparency.code.tex
File: pgfcoretransparency.code.tex 2023-01-15 v3.1.10 (3.1.10)
) (/nix/store/pwinl16ra67ia9iljw6kczkblbxay892-texlive-2023-env-texmfdist/tex/generic/pgf/basiclayer/pgfcorepatterns.code.tex
File: pgfcorepatterns.code.tex 2023-01-15 v3.1.10 (3.1.10)
) (/nix/store/pwinl16ra67ia9iljw6kczkblbxay892-texlive-2023-env-texmfdist/tex/generic/pgf/basiclayer/pgfcorerdf.code.tex
File: pgfcorerdf.code.tex 2023-01-15 v3.1.10 (3.1.10)
))) (/nix/store/pwinl16ra67ia9iljw6kczkblbxay892-texlive-2023-env-texmfdist/tex/generic/pgf/modules/pgfmoduleshapes.code.tex
File: pgfmoduleshapes.code.tex 2023-01-15 v3.1.10 (3.1.10)
\pgfnodeparttextbox=\box57
) (/nix/store/pwinl16ra67ia9iljw6kczkblbxay892-texlive-2023-env-texmfdist/tex/generic/pgf/modules/pgfmoduleplot.code.tex
File: pgfmoduleplot.code.tex 2023-01-15 v3.1.10 (3.1.10)
) (/nix/store/pwinl16ra67ia9iljw6kczkblbxay892-texlive-2023-env-texmfdist/tex/latex/pgf/compatibility/pgfcomp-version-0-65.sty
Package: pgfcomp-version-0-65 2023-01-15 v3.1.10 (3.1.10)
\pgf@nodesepstart=\dimen180
\pgf@nodesepend=\dimen181
) (/nix/store/pwinl16ra67ia9iljw6kczkblbxay892-texlive-2023-env-texmfdist/tex/latex/pgf/compatibility/pgfcomp-version-1-18.sty
Package: pgfcomp-version-1-18 2023-01-15 v3.1.10 (3.1.10)
)) (/nix/store/pwinl16ra67ia9iljw6kczkblbxay892-texlive-2023-env-texmfdist/tex/latex/pgf/utilities/pgffor.sty (/nix/store/pwinl16ra67ia9iljw6kczkblbxay892-texlive-2023-env-texmfdist/tex/latex/pgf/utilities/pgfkeys.sty
(/nix/store/pwinl16ra67ia9iljw6kczkblbxay892-texlive-2023-env-texmfdist/tex/generic/pgf/utilities/pgfkeys.code.tex)) (/nix/store/pwinl16ra67ia9iljw6kczkblbxay892-texlive-2023-env-texmfdist/tex/latex/pgf/math/pgfmath.sty (/nix/store/pwinl16ra67ia9iljw6kczkblbxay892-texlive-2023-env-texmfdist/tex/generic/pgf/math/pgfmath.code.tex)) (/nix/store/pwinl16ra67ia9iljw6kczkblbxay892-texlive-2023-env-texmfdist/tex/generic/pgf/utilities/pgffor.code.tex
Package: pgffor 2023-01-15 v3.1.10 (3.1.10)
\pgffor@iter=\dimen182
\pgffor@skip=\dimen183
\pgffor@stack=\toks28
\pgffor@toks=\toks29
)) (/nix/store/pwinl16ra67ia9iljw6kczkblbxay892-texlive-2023-env-texmfdist/tex/generic/pgf/frontendlayer/tikz/tikz.code.tex
Package: tikz 2023-01-15 v3.1.10 (3.1.10)
 (/nix/store/pwinl16ra67ia9iljw6kczkblbxay892-texlive-2023-env-texmfdist/tex/generic/pgf/libraries/pgflibraryplothandlers.code.tex
File: pgflibraryplothandlers.code.tex 2023-01-15 v3.1.10 (3.1.10)
\pgf@plot@mark@count=\count274
\pgfplotmarksize=\dimen184
)
\tikz@lastx=\dimen185
\tikz@lasty=\dimen186
\tikz@lastxsaved=\dimen187
\tikz@lastysaved=\dimen188
\tikz@lastmovetox=\dimen189
\tikz@lastmovetoy=\dimen190
\tikzleveldistance=\dimen191
\tikzsiblingdistance=\dimen192
\tikz@figbox=\box58
\tikz@figbox@bg=\box59
\tikz@tempbox=\box60
\tikz@tempbox@bg=\box61
\tikztreelevel=\count275
\tikznumberofchildren=\count276
\tikznumberofcurrentchild=\count277
\tikz@fig@count=\count278
 (/nix/store/pwinl16ra67ia9iljw6kczkblbxay892-texlive-2023-env-texmfdist/tex/generic/pgf/modules/pgfmodulematrix.code.tex
File: pgfmodulematrix.code.tex 2023-01-15 v3.1.10 (3.1.10)
\pgfmatrixcurrentrow=\count279
\pgfmatrixcurrentcolumn=\count280
\pgf@matrix@numberofcolumns=\count281
)
\tikz@expandcount=\count282
 (/nix/store/pwinl16ra67ia9iljw6kczkblbxay892-texlive-2023-env-texmfdist/tex/generic/pgf/frontendlayer/tikz/libraries/tikzlibrarytopaths.code.tex
File: tikzlibrarytopaths.code.tex 2023-01-15 v3.1.10 (3.1.10)
))) (/nix/store/pwinl16ra67ia9iljw6kczkblbxay892-texlive-2023-env-texmfdist/tex/latex/circuitikz/circuitikz.sty
Package: circuitikz 2024/02/09{} The CircuiTikz circuit drawing package version 1.6.7
 (/nix/store/pwinl16ra67ia9iljw6kczkblbxay892-texlive-2023-env-texmfdist/tex/generic/pgf/frontendlayer/tikz/libraries/tikzlibrarycalc.code.tex
File: tikzlibrarycalc.code.tex 2023-01-15 v3.1.10 (3.1.10)
) (/nix/store/pwinl16ra67ia9iljw6kczkblbxay892-texlive-2023-env-texmfdist/tex/generic/pgf/libraries/pgflibraryarrows.meta.code.tex
File: pgflibraryarrows.meta.code.tex 2023-01-15 v3.1.10 (3.1.10)
\pgfarrowinset=\dimen193
\pgfarrowlength=\dimen194
\pgfarrowwidth=\dimen195
\pgfarrowlinewidth=\dimen196
) (/nix/store/pwinl16ra67ia9iljw6kczkblbxay892-texlive-2023-env-texmfdist/tex/generic/pgf/frontendlayer/tikz/libraries/tikzlibrarybending.code.tex
File: tikzlibrarybending.code.tex 2023-01-15 v3.1.10 (3.1.10)
 (/nix/store/pwinl16ra67ia9iljw6kczkblbxay892-texlive-2023-env-texmfdist/tex/generic/pgf/modules/pgfmodulebending.code.tex
File: pgfmodulebending.code.tex 2023-01-15 v3.1.10 (3.1.10)
 (/nix/store/pwinl16ra67ia9iljw6kczkblbxay892-texlive-2023-env-texmfdist/tex/generic/pgf/modules/pgfmodulenonlineartransformations.code.tex
File: pgfmodulenonlineartransformations.code.tex 2023-01-15 v3.1.10 (3.1.10)
\pgftransformnonlinearflatness=\dimen197
) (/nix/store/pwinl16ra67ia9iljw6kczkblbxay892-texlive-2023-env-texmfdist/tex/generic/pgf/libraries/pgflibrarycurvilinear.code.tex
File: pgflibrarycurvilinear.code.tex 2023-01-15 v3.1.10 (3.1.10)
\pgf@curvilinear@time@a=\dimen198
\pgf@curvilinear@length@a=\dimen199
\pgf@curvilinear@length@b=\dimen256
\pgf@curvilinear@length@c=\dimen257
\pgf@curvilinear@length@d=\dimen258
)
\pgf@arrows@the@rigidity=\dimen259
))
(/nix/store/pwinl16ra67ia9iljw6kczkblbxay892-texlive-2023-env-texmfdist/tex/generic/pgf/frontendlayer/tikz/libraries/tikzlibraryfpu.code.tex (/nix/store/pwinl16ra67ia9iljw6kczkblbxay892-texlive-2023-env-texmfdist/tex/generic/pgf/libraries/pgflibraryfpu.code.tex)) (/nix/store/pwinl16ra67ia9iljw6kczkblbxay892-texlive-2023-env-texmfdist/tex/generic/circuitikz/pgfcirc.defines.tex
\pgf@circ@count@a=\count283
\pgf@circ@count@b=\count284
\pgf@circ@count@c=\count285
\pgf@circ@res@up=\dimen260
\pgf@circ@res@down=\dimen261
\pgf@circ@res@zero=\dimen262
\pgf@circ@res@left=\dimen263
\pgf@circ@res@right=\dimen264
\pgf@circ@res@other=\dimen265
\pgf@circ@res@step=\dimen266
\pgf@circ@res@temp=\dimen267
\pgf@circ@Rlen=\dimen268
\pgf@circ@scaled@Rlen=\dimen269
\pgfstartlinewidth=\dimen270
) (/nix/store/pwinl16ra67ia9iljw6kczkblbxay892-texlive-2023-env-texmfdist/tex/generic/circuitikz/pgfcircutils.tex
\ctikz@scratchbox=\box62
) (/nix/store/pwinl16ra67ia9iljw6kczkblbxay892-texlive-2023-env-texmfdist/tex/generic/circuitikz/pgfcircpath.tex) (/nix/store/pwinl16ra67ia9iljw6kczkblbxay892-texlive-2023-env-texmfdist/tex/generic/circuitikz/pgfcircshapes.tex) (/nix/store/pwinl16ra67ia9iljw6kczkblbxay892-texlive-2023-env-texmfdist/tex/generic/circuitikz/pgfcircmonopoles.tex) (/nix/store/pwinl16ra67ia9iljw6kczkblbxay892-texlive-2023-env-texmfdist/tex/generic/circuitikz/pgfcircbipoles.tex) (/nix/store/pwinl16ra67ia9iljw6kczkblbxay892-texlive-2023-env-texmfdist/tex/generic/circuitikz/pgfcirctripoles.tex
\pgf@circ@res@count=\count286
) (/nix/store/pwinl16ra67ia9iljw6kczkblbxay892-texlive-2023-env-texmfdist/tex/generic/circuitikz/pgfcircquadpoles.tex) (/nix/store/pwinl16ra67ia9iljw6kczkblbxay892-texlive-2023-env-texmfdist/tex/generic/circuitikz/pgfcircmultipoles.tex) (/nix/store/pwinl16ra67ia9iljw6kczkblbxay892-texlive-2023-env-texmfdist/tex/generic/circuitikz/pgfcirclabel.tex) (/nix/store/pwinl16ra67ia9iljw6kczkblbxay892-texlive-2023-env-texmfdist/tex/generic/circuitikz/pgfcircvoltage.tex
\pgfcirc@labelshift=\dimen271
) (/nix/store/pwinl16ra67ia9iljw6kczkblbxay892-texlive-2023-env-texmfdist/tex/generic/circuitikz/pgfcirccurrent.tex) (/nix/store/pwinl16ra67ia9iljw6kczkblbxay892-texlive-2023-env-texmfdist/tex/generic/circuitikz/pgfcircflow.tex) (/nix/store/pwinl16ra67ia9iljw6kczkblbxay892-texlive-2023-env-texmfdist/tex/generic/xstring/xstring.sty (/nix/store/pwinl16ra67ia9iljw6kczkblbxay892-texlive-2023-env-texmfdist/tex/generic/xstring/xstring.tex
\xs_counta=\count287
\xs_countb=\count288
)
Package: xstring 2023/08/22 v1.86 String manipulations (CT)
)
(/nix/store/pwinl16ra67ia9iljw6kczkblbxay892-texlive-2023-env-texmfdist/tex/latex/siunitx/siunitx.sty
Package: siunitx 2024-02-15 v3.3.12 A comprehensive (SI) units package
\l__siunitx_number_uncert_offset_int=\count289
\l__siunitx_number_exponent_fixed_int=\count290
\l__siunitx_number_min_decimal_int=\count291
\l__siunitx_number_min_integer_int=\count292
\l__siunitx_number_round_precision_int=\count293
\l__siunitx_number_lower_threshold_int=\count294
\l__siunitx_number_upper_threshold_int=\count295
\l__siunitx_number_group_first_int=\count296
\l__siunitx_number_group_size_int=\count297
\l__siunitx_number_group_minimum_int=\count298
\l__siunitx_angle_tmp_dim=\dimen272
\l__siunitx_angle_marker_box=\box63
\l__siunitx_angle_unit_box=\box64
\l__siunitx_compound_count_int=\count299
 (/nix/store/pwinl16ra67ia9iljw6kczkblbxay892-texlive-2023-env-texmfdist/tex/latex/translations/translations.sty
Package: translations 2022/02/05 v1.12 internationalization of LaTeX2e packages (CN)
 (/nix/store/pwinl16ra67ia9iljw6kczkblbxay892-texlive-2023-env-texmfdist/tex/latex/etoolbox/etoolbox.sty
Package: etoolbox 2020/10/05 v2.5k e-TeX tools for LaTeX (JAW)
\etb@tempcnta=\count300
) (/nix/store/pwinl16ra67ia9iljw6kczkblbxay892-texlive-2023-env-texmfdist/tex/generic/pdftexcmds/pdftexcmds.sty
Package: pdftexcmds 2020-06-27 v0.33 Utility functions of pdfTeX for LuaTeX (HO)
 (/nix/store/pwinl16ra67ia9iljw6kczkblbxay892-texlive-2023-env-texmfdist/tex/generic/infwarerr/infwarerr.sty
Package: infwarerr 2019/12/03 v1.5 Providing info/warning/error messages (HO)
) (/nix/store/pwinl16ra67ia9iljw6kczkblbxay892-texlive-2023-env-texmfdist/tex/generic/iftex/iftex.sty
Package: iftex 2022/02/03 v1.0f TeX engine tests
) (/nix/store/pwinl16ra67ia9iljw6kczkblbxay892-texlive-2023-env-texmfdist/tex/generic/ltxcmds/ltxcmds.sty
Package: ltxcmds 2023-12-04 v1.26 LaTeX kernel commands for general use (HO)
)
Package pdftexcmds Info: \pdf@primitive is available.
Package pdftexcmds Info: \pdf@ifprimitive is available.
Package pdftexcmds Info: \pdfdraftmode found.
)) (/nix/store/pwinl16ra67ia9iljw6kczkblbxay892-texlive-2023-env-texmfdist/tex/latex/amsmath/amstext.sty
Package: amstext 2021/08/26 v2.01 AMS text
 (/nix/store/pwinl16ra67ia9iljw6kczkblbxay892-texlive-2023-env-texmfdist/tex/latex/amsmath/amsgen.sty
File: amsgen.sty 1999/11/30 v2.0 generic functions
\@emptytoks=\toks30
\ex@=\dimen273
))
\l__siunitx_table_tmp_box=\box65
\l__siunitx_table_tmp_dim=\dimen274
\l__siunitx_table_column_width_dim=\dimen275
\l__siunitx_table_integer_box=\box66
\l__siunitx_table_decimal_box=\box67
\l__siunitx_table_uncert_box=\box68
\l__siunitx_table_before_box=\box69
\l__siunitx_table_after_box=\box70
\l__siunitx_table_before_dim=\dimen276
\l__siunitx_table_carry_dim=\dimen277
\l__siunitx_unit_tmp_int=\count301
\l__siunitx_unit_position_int=\count302
\l__siunitx_unit_total_int=\count303
 (/nix/store/pwinl16ra67ia9iljw6kczkblbxay892-texlive-2023-env-texmfdist/tex/latex/tools/array.sty
Package: array 2023/10/16 v2.5g Tabular extension package (FMi)
\col@sep=\dimen278
\ar@mcellbox=\box71
\extrarowheight=\dimen279
\NC@list=\toks31
\extratabsurround=\skip50
\backup@length=\skip51
\ar@cellbox=\box72
))) (/nix/store/pwinl16ra67ia9iljw6kczkblbxay892-texlive-2023-env-texmfdist/tex/latex/tikz-3dplot/tikz-3dplot.sty (/nix/store/pwinl16ra67ia9iljw6kczkblbxay892-texlive-2023-env-texmfdist/tex/latex/base/ifthen.sty
Package: ifthen 2022/04/13 v1.1d Standard LaTeX ifthen package (DPC)
) (/nix/store/pwinl16ra67ia9iljw6kczkblbxay892-texlive-2023-env-texmfdist/tex/generic/pgf/frontendlayer/tikz/libraries/tikzlibrary3d.code.tex
File: tikzlibrary3d.code.tex 2023-01-15 v3.1.10 (3.1.10)
) (/nix/store/pwinl16ra67ia9iljw6kczkblbxay892-texlive-2023-env-texmfdist/tex/generic/pgf/frontendlayer/tikz/libraries/tikzlibraryarrows.code.tex
File: tikzlibraryarrows.code.tex 2023-01-15 v3.1.10 (3.1.10)
 (/nix/store/pwinl16ra67ia9iljw6kczkblbxay892-texlive-2023-env-texmfdist/tex/generic/pgf/libraries/pgflibraryarrows.code.tex
File: pgflibraryarrows.code.tex 2023-01-15 v3.1.10 (3.1.10)
\arrowsize=\dimen280
))) (/nix/store/pwinl16ra67ia9iljw6kczkblbxay892-texlive-2023-env-texmfdist/tex/latex/pgfplots/pgfplots.sty (/nix/store/pwinl16ra67ia9iljw6kczkblbxay892-texlive-2023-env-texmfdist/tex/generic/pgfplots/pgfplots.revision.tex)
Package: pgfplots 2021/05/15 v1.18.1 Data Visualization (1.18.1)

(/nix/store/pwinl16ra67ia9iljw6kczkblbxay892-texlive-2023-env-texmfdist/tex/generic/pgfplots/pgfplots.code.tex (/nix/store/pwinl16ra67ia9iljw6kczkblbxay892-texlive-2023-env-texmfdist/tex/generic/pgfplots/pgfplotscore.code.tex
\t@pgfplots@toka=\toks32
\t@pgfplots@tokb=\toks33
\t@pgfplots@tokc=\toks34
\pgfplots@tmpa=\dimen281
\c@pgfplots@coordindex=\count304
\c@pgfplots@scanlineindex=\count305
 (/nix/store/pwinl16ra67ia9iljw6kczkblbxay892-texlive-2023-env-texmfdist/tex/generic/pgfplots/sys/pgfplotssysgeneric.code.tex)) (/nix/store/pwinl16ra67ia9iljw6kczkblbxay892-texlive-2023-env-texmfdist/tex/generic/pgfplots/libs/pgfplotslibrary.code.tex) (/nix/store/pwinl16ra67ia9iljw6kczkblbxay892-texlive-2023-env-texmfdist/tex/generic/pgfplots/oldpgfcompatib/pgfplotsoldpgfsupp_loader.code.tex
Package pgfplots: loading complementary utilities for your pgf version...
\t@pgf@toka=\toks35
\t@pgf@tokb=\toks36
\t@pgf@tokc=\toks37
(/nix/store/pwinl16ra67ia9iljw6kczkblbxay892-texlive-2023-env-texmfdist/tex/generic/pgfplots/oldpgfcompatib/pgfplotsoldpgfsupp_pgfutil-common-lists.tex)) (/nix/store/pwinl16ra67ia9iljw6kczkblbxay892-texlive-2023-env-texmfdist/tex/generic/pgfplots/util/pgfplotsutil.code.tex (/nix/store/pwinl16ra67ia9iljw6kczkblbxay892-texlive-2023-env-texmfdist/tex/generic/pgfplots/liststructure/pgfplotsliststructure.code.tex) (/nix/store/pwinl16ra67ia9iljw6kczkblbxay892-texlive-2023-env-texmfdist/tex/generic/pgfplots/liststructure/pgfplotsliststructureext.code.tex) (/nix/store/pwinl16ra67ia9iljw6kczkblbxay892-texlive-2023-env-texmfdist/tex/generic/pgfplots/liststructure/pgfplotsarray.code.tex
\c@pgfplotsarray@tmp=\count306
) (/nix/store/pwinl16ra67ia9iljw6kczkblbxay892-texlive-2023-env-texmfdist/tex/generic/pgfplots/liststructure/pgfplotsmatrix.code.tex) (/nix/store/pwinl16ra67ia9iljw6kczkblbxay892-texlive-2023-env-texmfdist/tex/generic/pgfplots/numtable/pgfplotstableshared.code.tex
\c@pgfplotstable@counta=\count307
\t@pgfplotstable@a=\toks38
) (/nix/store/pwinl16ra67ia9iljw6kczkblbxay892-texlive-2023-env-texmfdist/tex/generic/pgfplots/liststructure/pgfplotsdeque.code.tex) (/nix/store/pwinl16ra67ia9iljw6kczkblbxay892-texlive-2023-env-texmfdist/tex/generic/pgfplots/util/pgfplotsbinary.code.tex (/nix/store/pwinl16ra67ia9iljw6kczkblbxay892-texlive-2023-env-texmfdist/tex/generic/pgfplots/util/pgfplotsbinary.data.code.tex)) (/nix/store/pwinl16ra67ia9iljw6kczkblbxay892-texlive-2023-env-texmfdist/tex/generic/pgfplots/util/pgfplotsutil.verb.code.tex) (/nix/store/pwinl16ra67ia9iljw6kczkblbxay892-texlive-2023-env-texmfdist/tex/generic/pgfplots/libs/pgflibrarypgfplots.surfshading.code.tex
\c@pgfplotslibrarysurf@no=\count308
 (/nix/store/pwinl16ra67ia9iljw6kczkblbxay892-texlive-2023-env-texmfdist/tex/generic/pgfplots/sys/pgflibrarypgfplots.surfshading.pgfsys-pdftex.def))) (/nix/store/pwinl16ra67ia9iljw6kczkblbxay892-texlive-2023-env-texmfdist/tex/generic/pgfplots/util/pgfplotscolormap.code.tex (/nix/store/pwinl16ra67ia9iljw6kczkblbxay892-texlive-2023-env-texmfdist/tex/generic/pgfplots/util/pgfplotscolor.code.tex))
(/nix/store/pwinl16ra67ia9iljw6kczkblbxay892-texlive-2023-env-texmfdist/tex/generic/pgfplots/pgfplotsstackedplots.code.tex) (/nix/store/pwinl16ra67ia9iljw6kczkblbxay892-texlive-2023-env-texmfdist/tex/generic/pgfplots/pgfplotsplothandlers.code.tex (/nix/store/pwinl16ra67ia9iljw6kczkblbxay892-texlive-2023-env-texmfdist/tex/generic/pgfplots/pgfplotsmeshplothandler.code.tex (/nix/store/pwinl16ra67ia9iljw6kczkblbxay892-texlive-2023-env-texmfdist/tex/generic/pgfplots/pgfplotsmeshplotimage.code.tex))) (/nix/store/pwinl16ra67ia9iljw6kczkblbxay892-texlive-2023-env-texmfdist/tex/generic/pgfplots/pgfplots.scaling.code.tex) (/nix/store/pwinl16ra67ia9iljw6kczkblbxay892-texlive-2023-env-texmfdist/tex/generic/pgfplots/pgfplotscoordprocessing.code.tex) (/nix/store/pwinl16ra67ia9iljw6kczkblbxay892-texlive-2023-env-texmfdist/tex/generic/pgfplots/pgfplots.errorbars.code.tex) (/nix/store/pwinl16ra67ia9iljw6kczkblbxay892-texlive-2023-env-texmfdist/tex/generic/pgfplots/pgfplots.markers.code.tex) (/nix/store/pwinl16ra67ia9iljw6kczkblbxay892-texlive-2023-env-texmfdist/tex/generic/pgfplots/pgfplotsticks.code.tex) (/nix/store/pwinl16ra67ia9iljw6kczkblbxay892-texlive-2023-env-texmfdist/tex/generic/pgfplots/pgfplots.paths.code.tex) (/nix/store/pwinl16ra67ia9iljw6kczkblbxay892-texlive-2023-env-texmfdist/tex/generic/pgf/frontendlayer/tikz/libraries/tikzlibrarydecorations.code.tex (/nix/store/pwinl16ra67ia9iljw6kczkblbxay892-texlive-2023-env-texmfdist/tex/generic/pgf/modules/pgfmoduledecorations.code.tex
\pgfdecoratedcompleteddistance=\dimen282
\pgfdecoratedremainingdistance=\dimen283
\pgfdecoratedinputsegmentcompleteddistance=\dimen284
\pgfdecoratedinputsegmentremainingdistance=\dimen285
\pgf@decorate@distancetomove=\dimen286
\pgf@decorate@repeatstate=\count309
\pgfdecorationsegmentamplitude=\dimen287
\pgfdecorationsegmentlength=\dimen288
)
\tikz@lib@dec@box=\box73
) (/nix/store/pwinl16ra67ia9iljw6kczkblbxay892-texlive-2023-env-texmfdist/tex/generic/pgf/frontendlayer/tikz/libraries/tikzlibrarydecorations.pathmorphing.code.tex (/nix/store/pwinl16ra67ia9iljw6kczkblbxay892-texlive-2023-env-texmfdist/tex/generic/pgf/libraries/decorations/pgflibrarydecorations.pathmorphing.code.tex)) (/nix/store/pwinl16ra67ia9iljw6kczkblbxay892-texlive-2023-env-texmfdist/tex/generic/pgf/frontendlayer/tikz/libraries/tikzlibrarydecorations.pathreplacing.code.tex
(/nix/store/pwinl16ra67ia9iljw6kczkblbxay892-texlive-2023-env-texmfdist/tex/generic/pgf/libraries/decorations/pgflibrarydecorations.pathreplacing.code.tex)) (/nix/store/pwinl16ra67ia9iljw6kczkblbxay892-texlive-2023-env-texmfdist/tex/generic/pgfplots/libs/tikzlibrarypgfplots.contourlua.code.tex)
\pgfplots@numplots=\count310
\pgfplots@xmin@reg=\dimen289
\pgfplots@xmax@reg=\dimen290
\pgfplots@ymin@reg=\dimen291
\pgfplots@ymax@reg=\dimen292
\pgfplots@zmin@reg=\dimen293
\pgfplots@zmax@reg=\dimen294
) (/nix/store/pwinl16ra67ia9iljw6kczkblbxay892-texlive-2023-env-texmfdist/tex/generic/pgf/frontendlayer/tikz/libraries/tikzlibraryplotmarks.code.tex
File: tikzlibraryplotmarks.code.tex 2023-01-15 v3.1.10 (3.1.10)
 (/nix/store/pwinl16ra67ia9iljw6kczkblbxay892-texlive-2023-env-texmfdist/tex/generic/pgf/libraries/pgflibraryplotmarks.code.tex
File: pgflibraryplotmarks.code.tex 2023-01-15 v3.1.10 (3.1.10)
))) (/nix/store/pwinl16ra67ia9iljw6kczkblbxay892-texlive-2023-env-texmfdist/tex/latex/inconsolata/inconsolata.sty
Package: inconsolata 2019/05/17 v1.12
 `inconsolata-zi4' v1.12, 2019/05/17 Text macros for Inconsolata (msharpe) (/nix/store/pwinl16ra67ia9iljw6kczkblbxay892-texlive-2023-env-texmfdist/tex/latex/base/textcomp.sty
Package: textcomp 2020/02/02 v2.0n Standard LaTeX package
) (/nix/store/pwinl16ra67ia9iljw6kczkblbxay892-texlive-2023-env-texmfdist/tex/latex/xkeyval/xkeyval.sty
Package: xkeyval 2022/06/16 v2.9 package option processing (HA)
 (/nix/store/pwinl16ra67ia9iljw6kczkblbxay892-texlive-2023-env-texmfdist/tex/generic/xkeyval/xkeyval.tex (/nix/store/pwinl16ra67ia9iljw6kczkblbxay892-texlive-2023-env-texmfdist/tex/generic/xkeyval/xkvutils.tex
\XKV@toks=\toks39
\XKV@tempa@toks=\toks40
)
\XKV@depth=\count311
File: xkeyval.tex 2014/12/03 v2.7a key=value parser (HA)
))
\zifour@ocount=\count312
) (/nix/store/pwinl16ra67ia9iljw6kczkblbxay892-texlive-2023-env-texmfdist/tex/latex/listings/listings.sty
\lst@mode=\count313
\lst@gtempboxa=\box74
\lst@token=\toks41
\lst@length=\count314
\lst@currlwidth=\dimen295
\lst@column=\count315
\lst@pos=\count316
\lst@lostspace=\dimen296
\lst@width=\dimen297
\lst@newlines=\count317
\lst@lineno=\count318
\lst@maxwidth=\dimen298
 (/nix/store/pwinl16ra67ia9iljw6kczkblbxay892-texlive-2023-env-texmfdist/tex/latex/listings/lstpatch.sty
File: lstpatch.sty 2024/02/21 1.10 (Carsten Heinz)
) (/nix/store/pwinl16ra67ia9iljw6kczkblbxay892-texlive-2023-env-texmfdist/tex/latex/listings/lstmisc.sty
File: lstmisc.sty 2024/02/21 1.10 (Carsten Heinz)
\c@lstnumber=\count319
\lst@skipnumbers=\count320
\lst@framebox=\box75
) (/nix/store/pwinl16ra67ia9iljw6kczkblbxay892-texlive-2023-env-texmfdist/tex/latex/listings/listings.cfg
File: listings.cfg 2024/02/21 1.10 listings configuration
))
Package: listings 2024/02/21 1.10 (Carsten Heinz)
 (/nix/store/pwinl16ra67ia9iljw6kczkblbxay892-texlive-2023-env-texmfdist/tex/latex/caption/subcaption.sty
Package: subcaption 2023/07/28 v1.6b Sub-captions (AR)
 (/nix/store/pwinl16ra67ia9iljw6kczkblbxay892-texlive-2023-env-texmfdist/tex/latex/caption/caption.sty
Package: caption 2023/08/05 v3.6o Customizing captions (AR)
 (/nix/store/pwinl16ra67ia9iljw6kczkblbxay892-texlive-2023-env-texmfdist/tex/latex/caption/caption3.sty
Package: caption3 2023/07/31 v2.4d caption3 kernel (AR)
\caption@tempdima=\dimen299
\captionmargin=\dimen300
\caption@leftmargin=\dimen301
\caption@rightmargin=\dimen302
\caption@width=\dimen303
\caption@indent=\dimen304
\caption@parindent=\dimen305
\caption@hangindent=\dimen306
Package caption Info: Standard document class detected.
)
\c@caption@flags=\count321
\c@continuedfloat=\count322
Package caption Info: listings package is loaded.
)
Package caption Info: New subtype `subfigure' on input line 238.
\c@subfigure=\count323
Package caption Info: New subtype `subtable' on input line 238.
\c@subtable=\count324
)
(/nix/store/pwinl16ra67ia9iljw6kczkblbxay892-texlive-2023-env-texmfdist/tex/latex/wrapfig/wrapfig.sty
\wrapoverhang=\dimen307
\WF@size=\dimen308
\c@WF@wrappedlines=\count325
\WF@box=\box76
\WF@everypar=\toks42
Package: wrapfig 2003/01/31  v 3.6
) (/nix/store/pwinl16ra67ia9iljw6kczkblbxay892-texlive-2023-env-texmfdist/tex/latex/float/float.sty
Package: float 2001/11/08 v1.3d Float enhancements (AL)
\c@float@type=\count326
\float@exts=\toks43
\float@box=\box77
\@float@everytoks=\toks44
\@floatcapt=\box78
) (/nix/store/pwinl16ra67ia9iljw6kczkblbxay892-texlive-2023-env-texmfdist/tex/latex/parskip/parskip.sty
Package: parskip 2021-03-14 v2.0h non-zero parskip adjustments
 (/nix/store/pwinl16ra67ia9iljw6kczkblbxay892-texlive-2023-env-texmfdist/tex/latex/kvoptions/kvoptions.sty
Package: kvoptions 2022-06-15 v3.15 Key value format for package options (HO)
 (/nix/store/pwinl16ra67ia9iljw6kczkblbxay892-texlive-2023-env-texmfdist/tex/latex/kvsetkeys/kvsetkeys.sty
Package: kvsetkeys 2022-10-05 v1.19 Key value parser (HO)
))) (/nix/store/pwinl16ra67ia9iljw6kczkblbxay892-texlive-2023-env-texmfdist/tex/latex/tcolorbox/tcolorbox.sty
Package: tcolorbox 2024/01/10 version 6.2.0 text color boxes
 (/nix/store/pwinl16ra67ia9iljw6kczkblbxay892-texlive-2023-env-texmfdist/tex/latex/tools/verbatim.sty
Package: verbatim 2023-11-06 v1.5v LaTeX2e package for verbatim enhancements
\every@verbatim=\toks45
\verbatim@line=\toks46
\verbatim@in@stream=\read3
) (/nix/store/pwinl16ra67ia9iljw6kczkblbxay892-texlive-2023-env-texmfdist/tex/latex/environ/environ.sty
Package: environ 2014/05/04 v0.3 A new way to define environments
 (/nix/store/pwinl16ra67ia9iljw6kczkblbxay892-texlive-2023-env-texmfdist/tex/latex/trimspaces/trimspaces.sty
Package: trimspaces 2009/09/17 v1.1 Trim spaces around a token list
)
\@envbody=\toks47
)
\tcb@titlebox=\box79
\tcb@upperbox=\box80
\tcb@lowerbox=\box81
\tcb@phantombox=\box82
\c@tcbbreakpart=\count327
\c@tcblayer=\count328
\c@tcolorbox@number=\count329
\l__tcobox_tmpa_box=\box83
\l__tcobox_tmpa_dim=\dimen309
\tcb@temp=\box84
\tcb@temp=\box85
\tcb@temp=\box86
\tcb@temp=\box87
) (/nix/store/pwinl16ra67ia9iljw6kczkblbxay892-texlive-2023-env-texmfdist/tex/generic/ulem/ulem.sty
\UL@box=\box88
\UL@hyphenbox=\box89
\UL@skip=\skip52
\UL@hook=\toks48
\UL@height=\dimen310
\UL@pe=\count330
\UL@pixel=\dimen311
\ULC@box=\box90
Package: ulem 2019/11/18
\ULdepth=\dimen312
) (/nix/store/pwinl16ra67ia9iljw6kczkblbxay892-texlive-2023-env-texmfdist/tex/latex/tabularray/tabularray.sty (/nix/store/pwinl16ra67ia9iljw6kczkblbxay892-texlive-2023-env-texmfdist/tex/latex/l3kernel/expl3.sty
Package: expl3 2024-02-20 L3 programming layer (loader) 
 (/nix/store/pwinl16ra67ia9iljw6kczkblbxay892-texlive-2023-env-texmfdist/tex/latex/l3backend/l3backend-pdftex.def
File: l3backend-pdftex.def 2024-02-20 L3 backend support: PDF output (pdfTeX)
\l__color_backend_stack_int=\count331
\l__pdf_internal_box=\box91
))
Package: tabularray 2024-02-16 v2024A Typeset tabulars and arrays with LaTeX3
\l__tblr_a_int=\count332
\l__tblr_c_int=\count333
\l__tblr_r_int=\count334
\l__tblr_d_dim=\dimen313
\l__tblr_h_dim=\dimen314
\l__tblr_o_dim=\dimen315
\l__tblr_p_dim=\dimen316
\l__tblr_q_dim=\dimen317
\l__tblr_r_dim=\dimen318
\l__tblr_s_dim=\dimen319
\l__tblr_t_dim=\dimen320
\l__tblr_v_dim=\dimen321
\l__tblr_w_dim=\dimen322
\l__tblr_a_box=\box92
\l__tblr_b_box=\box93
\l__tblr_c_box=\box94
\l__tblr_d_box=\box95
\g__tblr_table_count_int=\count335
\c@rownum=\count336
\c@colnum=\count337
\c@rowcount=\count338
\c@colcount=\count339
\abovesep=\dimen323
\belowsep=\dimen324
\leftsep=\dimen325
\rightsep=\dimen326
\g_tblr_level_int=\count340
\g__tblr_data_row_key_count_int=\count341
\g__tblr_data_column_key_count_int=\count342
\g__tblr_data_cell_key_count_int=\count343
\g__tblr_array_int=\count344
\l__tblr_key_count_int=\count345
\l__tblr_key_quotient_int=\count346
\l__tblr_key_quotient_two_int=\count347
\l__tblr_key_remainder_int=\count348
\g__tblr_data_str_value_count_int=\count349
\rulewidth=\dimen327
\l__tblr_strut_dp_dim=\dimen328
\l__tblr_strut_ht_dim=\dimen329
\g__tblr_cell_wd_dim=\dimen330
\g__tblr_cell_ht_dim=\dimen331
\g__tblr_cell_head_dim=\dimen332
\g__tblr_cell_foot_dim=\dimen333
\l__column_target_dim=\dimen334
\l__tblr_caption_box=\box96
\l__tblr_caption_left_box=\box97
\l__tblr_row_head_box=\box98
\l__tblr_row_foot_box=\box99
\l__tblr_row_head_foot_dim=\dimen335
\tablewidth=\dimen336
\l__tblr_table_firsthead_box=\box100
\l__tblr_table_middlehead_box=\box101
\l__tblr_table_lasthead_box=\box102
\l__tblr_table_firstfoot_box=\box103
\l__tblr_table_middlefoot_box=\box104
\l__tblr_table_lastfoot_box=\box105
\l__tblr_remain_height_dim=\dimen337
\l__tblr_long_from_int=\count350
\l__tblr_long_to_int=\count351
\l__tblr_curr_i_int=\count352
\l__tblr_prev_i_int=\count353
\l__tblr_table_page_int=\count354
\l__tblr_table_head_box=\box106
\l__tblr_table_foot_box=\box107
\l__tblr_table_head_foot_dim=\dimen338
\l__tblr_table_head_body_foot_dim=\dimen339
\l__tblr_table_box=\box108
\l__tblr_table_hlines_box=\box109
\l__tblr_hline_box=\box110
\l__tblr_row_box=\box111
\l__tblr_col_o_wd_dim=\dimen340
\l__tblr_col_b_wd_dim=\dimen341
\l__tblr_hline_leftskip_dim=\dimen342
\l__tblr_hline_rightskip_dim=\dimen343
\l__tblr_row_ht_dim=\dimen344
\l__tblr_row_dp_dim=\dimen345
\l__tblr_row_abovesep_dim=\dimen346
\l__tblr_row_belowsep_dim=\dimen347
\l__tblr_row_vlines_box=\box112
\l__tblr_vline_box=\box113
\l__tblr_cell_box=\box114
\l__row_upper_dim=\dimen348
\l__row_lower_dim=\dimen349
\l__row_vpace_dim=\dimen350
\l__tblr_vline_aboveskip_dim=\dimen351
\l__tblr_vline_belowskip_dim=\dimen352
\l__tblr_cell_wd_dim=\dimen353
\l__tblr_cell_ht_dim=\dimen354
\l__tblr_diag_box=\box115
) (/nix/store/pwinl16ra67ia9iljw6kczkblbxay892-texlive-2023-env-texmfdist/tex/latex/booktabs/booktabs.sty
Package: booktabs 2020/01/12 v1.61803398 Publication quality tables
\heavyrulewidth=\dimen355
\lightrulewidth=\dimen356
\cmidrulewidth=\dimen357
\belowrulesep=\dimen358
\belowbottomsep=\dimen359
\aboverulesep=\dimen360
\abovetopsep=\dimen361
\cmidrulesep=\dimen362
\cmidrulekern=\dimen363
\defaultaddspace=\dimen364
\@cmidla=\count355
\@cmidlb=\count356
\@aboverulesep=\dimen365
\@belowrulesep=\dimen366
\@thisruleclass=\count357
\@lastruleclass=\count358
\@thisrulewidth=\dimen367
) (/nix/store/pwinl16ra67ia9iljw6kczkblbxay892-texlive-2023-env-texmfdist/tex/latex/xifthen/xifthen.sty
Package: xifthen 2015/11/05 v1.4.0 Extended ifthen features
 (/nix/store/pwinl16ra67ia9iljw6kczkblbxay892-texlive-2023-env-texmfdist/tex/latex/tools/calc.sty
Package: calc 2023/07/08 v4.3 Infix arithmetic (KKT,FJ)
\calc@Acount=\count359
\calc@Bcount=\count360
\calc@Adimen=\dimen368
\calc@Bdimen=\dimen369
\calc@Askip=\skip53
\calc@Bskip=\skip54
LaTeX Info: Redefining \setlength on input line 80.
LaTeX Info: Redefining \addtolength on input line 81.
\calc@Ccount=\count361
\calc@Cskip=\skip55
) (/nix/store/pwinl16ra67ia9iljw6kczkblbxay892-texlive-2023-env-texmfdist/tex/latex/ifmtarg/ifmtarg.sty
Package: ifmtarg 2018/04/16 v1.2b check for an empty argument
)) (/nix/store/pwinl16ra67ia9iljw6kczkblbxay892-texlive-2023-env-texmfdist/tex/latex/amsmath/amsmath.sty
Package: amsmath 2023/05/13 v2.17o AMS math features
\@mathmargin=\skip56

For additional information on amsmath, use the `?' option.
(/nix/store/pwinl16ra67ia9iljw6kczkblbxay892-texlive-2023-env-texmfdist/tex/latex/amsmath/amsbsy.sty
Package: amsbsy 1999/11/29 v1.2d Bold Symbols
\pmbraise@=\dimen370
) (/nix/store/pwinl16ra67ia9iljw6kczkblbxay892-texlive-2023-env-texmfdist/tex/latex/amsmath/amsopn.sty
Package: amsopn 2022/04/08 v2.04 operator names
)
\inf@bad=\count362
LaTeX Info: Redefining \frac on input line 234.
\uproot@=\count363
\leftroot@=\count364
LaTeX Info: Redefining \overline on input line 399.
LaTeX Info: Redefining \colon on input line 410.
\classnum@=\count365
\DOTSCASE@=\count366
LaTeX Info: Redefining \ldots on input line 496.
LaTeX Info: Redefining \dots on input line 499.
LaTeX Info: Redefining \cdots on input line 620.
\Mathstrutbox@=\box116
\strutbox@=\box117
LaTeX Info: Redefining \big on input line 722.
LaTeX Info: Redefining \Big on input line 723.
LaTeX Info: Redefining \bigg on input line 724.
LaTeX Info: Redefining \Bigg on input line 725.
\big@size=\dimen371
LaTeX Font Info:    Redeclaring font encoding OML on input line 743.
LaTeX Font Info:    Redeclaring font encoding OMS on input line 744.
\macc@depth=\count367
LaTeX Info: Redefining \bmod on input line 905.
LaTeX Info: Redefining \pmod on input line 910.
LaTeX Info: Redefining \smash on input line 940.
LaTeX Info: Redefining \relbar on input line 970.
LaTeX Info: Redefining \Relbar on input line 971.
\c@MaxMatrixCols=\count368
\dotsspace@=\muskip16
\c@parentequation=\count369
\dspbrk@lvl=\count370
\tag@help=\toks49
\row@=\count371
\column@=\count372
\maxfields@=\count373
\andhelp@=\toks50
\eqnshift@=\dimen372
\alignsep@=\dimen373
\tagshift@=\dimen374
\tagwidth@=\dimen375
\totwidth@=\dimen376
\lineht@=\dimen377
\@envbody=\toks51
\multlinegap=\skip57
\multlinetaggap=\skip58
\mathdisplay@stack=\toks52
LaTeX Info: Redefining \[ on input line 2953.
LaTeX Info: Redefining \] on input line 2954.
) (/nix/store/pwinl16ra67ia9iljw6kczkblbxay892-texlive-2023-env-texmfdist/tex/latex/amsfonts/amssymb.sty
Package: amssymb 2013/01/14 v3.01 AMS font symbols
 (/nix/store/pwinl16ra67ia9iljw6kczkblbxay892-texlive-2023-env-texmfdist/tex/latex/amsfonts/amsfonts.sty
Package: amsfonts 2013/01/14 v3.01 Basic AMSFonts support
\symAMSa=\mathgroup4
\symAMSb=\mathgroup5
LaTeX Font Info:    Redeclaring math symbol \hbar on input line 98.
LaTeX Font Info:    Overwriting math alphabet `\mathfrak' in version `bold'
(Font)                  U/euf/m/n --> U/euf/b/n on input line 106.
)) (/nix/store/pwinl16ra67ia9iljw6kczkblbxay892-texlive-2023-env-texmfdist/tex/latex/base/fontenc.sty
Package: fontenc 2021/04/29 v2.0v Standard LaTeX package
) (/nix/store/pwinl16ra67ia9iljw6kczkblbxay892-texlive-2023-env-texmfdist/tex/latex/gensymb/gensymb.sty
Package: gensymb 2022/10/17 v1.0.2 (KJH)
) (/nix/store/pwinl16ra67ia9iljw6kczkblbxay892-texlive-2023-env-texmfdist/tex/latex/standalone/standalone.sty
Package: standalone 2022/10/10 v1.3b Package to include TeX sub-files with preambles
 (/nix/store/pwinl16ra67ia9iljw6kczkblbxay892-texlive-2023-env-texmfdist/tex/latex/tools/shellesc.sty
Package: shellesc 2023/07/08 v1.0d unified shell escape interface for LaTeX
Package shellesc Info: Unrestricted shell escape enabled on input line 75.
) (/nix/store/pwinl16ra67ia9iljw6kczkblbxay892-texlive-2023-env-texmfdist/tex/latex/currfile/currfile.sty
Package: currfile 2022/10/10 v0.8 Provides the file path elements of the current input file
 (/nix/store/pwinl16ra67ia9iljw6kczkblbxay892-texlive-2023-env-texmfdist/tex/latex/filehook/filehook.sty
Package: filehook 2022/10/25 v0.8b Hooks for input files
 (/nix/store/pwinl16ra67ia9iljw6kczkblbxay892-texlive-2023-env-texmfdist/tex/latex/filehook/filehook-2020.sty
Package: filehook-2020 2022/10/25 v0.8b Hooks for input files
))
\c@currfiledepth=\count374
) (/nix/store/pwinl16ra67ia9iljw6kczkblbxay892-texlive-2023-env-texmfdist/tex/latex/gincltex/gincltex.sty (/nix/store/pwinl16ra67ia9iljw6kczkblbxay892-texlive-2023-env-texmfdist/tex/latex/svn-prov/svn-prov.sty
Package: svn-prov 2010/04/24 v3.1862 Package Date/Version from SVN Keywords
)
Package: gincltex 2011/09/04 v0.3 Include external LaTeX files like graphics
 (/nix/store/pwinl16ra67ia9iljw6kczkblbxay892-texlive-2023-env-texmfdist/tex/latex/adjustbox/adjustbox.sty
Package: adjustbox 2022/10/17 v1.3a Adjusting TeX boxes (trim, clip, ...)
 (/nix/store/pwinl16ra67ia9iljw6kczkblbxay892-texlive-2023-env-texmfdist/tex/latex/adjustbox/adjcalc.sty
Package: adjcalc 2012/05/16 v1.1 Provides advanced setlength with multiple back-ends (calc, etex, pgfmath)
) (/nix/store/pwinl16ra67ia9iljw6kczkblbxay892-texlive-2023-env-texmfdist/tex/latex/adjustbox/trimclip.sty
Package: trimclip 2020/08/19 v1.2 Trim and clip general TeX material
 (/nix/store/pwinl16ra67ia9iljw6kczkblbxay892-texlive-2023-env-texmfdist/tex/latex/collectbox/collectbox.sty
Package: collectbox 2022/10/17 v0.4c Collect macro arguments as boxes
\collectedbox=\box118
)
\tc@llx=\dimen378
\tc@lly=\dimen379
\tc@urx=\dimen380
\tc@ury=\dimen381
Package trimclip Info: Using driver 'tc-pdftex.def'.
 (/nix/store/pwinl16ra67ia9iljw6kczkblbxay892-texlive-2023-env-texmfdist/tex/latex/adjustbox/tc-pdftex.def
File: tc-pdftex.def 2019/01/04 v2.2 Clipping driver for pdftex
))
\adjbox@Width=\dimen382
\adjbox@Height=\dimen383
\adjbox@Depth=\dimen384
\adjbox@Totalheight=\dimen385
\adjbox@pwidth=\dimen386
\adjbox@pheight=\dimen387
\adjbox@pdepth=\dimen388
\adjbox@ptotalheight=\dimen389
 (/nix/store/pwinl16ra67ia9iljw6kczkblbxay892-texlive-2023-env-texmfdist/tex/latex/ifoddpage/ifoddpage.sty
Package: ifoddpage 2022/10/18 v1.2 Conditionals for odd/even page detection
\c@checkoddpage=\count375
)
(/nix/store/pwinl16ra67ia9iljw6kczkblbxay892-texlive-2023-env-texmfdist/tex/latex/varwidth/varwidth.sty
Package: varwidth 2009/03/30 ver 0.92;  Variable-width minipages
\@vwid@box=\box119
\sift@deathcycles=\count376
\@vwid@loff=\dimen390
\@vwid@roff=\dimen391
))
\gincltex@box=\box120
) (/nix/store/pwinl16ra67ia9iljw6kczkblbxay892-texlive-2023-env-texmfdist/tex/latex/filemod/filemod-expmin.sty
Package: filemod-expmin 2011/09/19 v1.2 Get and compare file modification times (expandable; minimal)
)) (/nix/store/pwinl16ra67ia9iljw6kczkblbxay892-texlive-2023-env-texmfdist/tex/latex/geometry/geometry.sty
Package: geometry 2020/01/02 v5.9 Page Geometry
 (/nix/store/pwinl16ra67ia9iljw6kczkblbxay892-texlive-2023-env-texmfdist/tex/generic/iftex/ifvtex.sty
Package: ifvtex 2019/10/25 v1.7 ifvtex legacy package. Use iftex instead.
)
\Gm@cnth=\count377
\Gm@cntv=\count378
\c@Gm@tempcnt=\count379
\Gm@bindingoffset=\dimen392
\Gm@wd@mp=\dimen393
\Gm@odd@mp=\dimen394
\Gm@even@mp=\dimen395
\Gm@layoutwidth=\dimen396
\Gm@layoutheight=\dimen397
\Gm@layouthoffset=\dimen398
\Gm@layoutvoffset=\dimen399
\Gm@dimlist=\toks53
) (/nix/store/pwinl16ra67ia9iljw6kczkblbxay892-texlive-2023-env-texmfdist/tex/latex/titlesec/titlesec.sty
Package: titlesec 2023/10/27 v2.16 Sectioning titles
\ttl@box=\box121
\beforetitleunit=\skip59
\aftertitleunit=\skip60
\ttl@plus=\dimen400
\ttl@minus=\dimen401
\ttl@toksa=\toks54
\titlewidth=\dimen402
\titlewidthlast=\dimen403
\titlewidthfirst=\dimen404
) (/nix/store/pwinl16ra67ia9iljw6kczkblbxay892-texlive-2023-env-texmfdist/tex/latex/ninecolors/ninecolors.sty
Package: ninecolors 2022-02-13 v2022D Select colors with proper color contrast
 (/nix/store/pwinl16ra67ia9iljw6kczkblbxay892-texlive-2023-env-texmfdist/tex/latex/l3packages/xparse/xparse.sty
Package: xparse 2024-02-18 L3 Experimental document command parser
)) (/nix/store/pwinl16ra67ia9iljw6kczkblbxay892-texlive-2023-env-texmfdist/tex/latex/hyperref/nameref.sty
Package: nameref 2023-11-26 v2.56 Cross-referencing by name of section
 (/nix/store/pwinl16ra67ia9iljw6kczkblbxay892-texlive-2023-env-texmfdist/tex/latex/refcount/refcount.sty
Package: refcount 2019/12/15 v3.6 Data extraction from label references (HO)
) (/nix/store/pwinl16ra67ia9iljw6kczkblbxay892-texlive-2023-env-texmfdist/tex/generic/gettitlestring/gettitlestring.sty
Package: gettitlestring 2019/12/15 v1.6 Cleanup title references (HO)
)
\c@section@level=\count380
)
\c@formula=\count381
\c@definition=\count382
\c@example=\count383
 (/nix/store/pwinl16ra67ia9iljw6kczkblbxay892-texlive-2023-env-texmfdist/tex/latex/hyperref/hyperref.sty
Package: hyperref 2024-01-20 v7.01h Hypertext links for LaTeX
 (/nix/store/pwinl16ra67ia9iljw6kczkblbxay892-texlive-2023-env-texmfdist/tex/generic/kvdefinekeys/kvdefinekeys.sty
Package: kvdefinekeys 2019-12-19 v1.6 Define keys (HO)
) (/nix/store/pwinl16ra67ia9iljw6kczkblbxay892-texlive-2023-env-texmfdist/tex/generic/pdfescape/pdfescape.sty
Package: pdfescape 2019/12/09 v1.15 Implements pdfTeX's escape features (HO)
) (/nix/store/pwinl16ra67ia9iljw6kczkblbxay892-texlive-2023-env-texmfdist/tex/latex/hycolor/hycolor.sty
Package: hycolor 2020-01-27 v1.10 Color options for hyperref/bookmark (HO)
) (/nix/store/pwinl16ra67ia9iljw6kczkblbxay892-texlive-2023-env-texmfdist/tex/latex/auxhook/auxhook.sty
Package: auxhook 2019-12-17 v1.6 Hooks for auxiliary files (HO)
)
\@linkdim=\dimen405
\Hy@linkcounter=\count384
\Hy@pagecounter=\count385
 (/nix/store/pwinl16ra67ia9iljw6kczkblbxay892-texlive-2023-env-texmfdist/tex/latex/hyperref/pd1enc.def
File: pd1enc.def 2024-01-20 v7.01h Hyperref: PDFDocEncoding definition (HO)
Now handling font encoding PD1 ...
... no UTF-8 mapping file for font encoding PD1
) (/nix/store/pwinl16ra67ia9iljw6kczkblbxay892-texlive-2023-env-texmfdist/tex/generic/intcalc/intcalc.sty
Package: intcalc 2019/12/15 v1.3 Expandable calculations with integers (HO)
)
\Hy@SavedSpaceFactor=\count386
 (/nix/store/pwinl16ra67ia9iljw6kczkblbxay892-texlive-2023-env-texmfdist/tex/latex/hyperref/puenc.def
File: puenc.def 2024-01-20 v7.01h Hyperref: PDF Unicode definition (HO)
Now handling font encoding PU ...
... no UTF-8 mapping file for font encoding PU
)
Package hyperref Info: Hyper figures OFF on input line 4179.
Package hyperref Info: Link nesting OFF on input line 4184.
Package hyperref Info: Hyper index ON on input line 4187.
Package hyperref Info: Plain pages OFF on input line 4194.
Package hyperref Info: Backreferencing OFF on input line 4199.
Package hyperref Info: Implicit mode ON; LaTeX internals redefined.
Package hyperref Info: Bookmarks ON on input line 4446.
\c@Hy@tempcnt=\count387

(/nix/store/pwinl16ra67ia9iljw6kczkblbxay892-texlive-2023-env-texmfdist/tex/latex/url/url.sty
\Urlmuskip=\muskip17
Package: url 2013/09/16  ver 3.4  Verb mode for urls, etc.
)
LaTeX Info: Redefining \url on input line 4784.
\XeTeXLinkMargin=\dimen406
 (/nix/store/pwinl16ra67ia9iljw6kczkblbxay892-texlive-2023-env-texmfdist/tex/generic/bitset/bitset.sty
Package: bitset 2019/12/09 v1.3 Handle bit-vector datatype (HO)
 (/nix/store/pwinl16ra67ia9iljw6kczkblbxay892-texlive-2023-env-texmfdist/tex/generic/bigintcalc/bigintcalc.sty
Package: bigintcalc 2019/12/15 v1.5 Expandable calculations on big integers (HO)
))
\Fld@menulength=\count388
\Field@Width=\dimen407
\Fld@charsize=\dimen408
Package hyperref Info: Hyper figures OFF on input line 6063.
Package hyperref Info: Link nesting OFF on input line 6068.
Package hyperref Info: Hyper index ON on input line 6071.
Package hyperref Info: backreferencing OFF on input line 6078.
Package hyperref Info: Link coloring OFF on input line 6083.
Package hyperref Info: Link coloring with OCG OFF on input line 6088.
Package hyperref Info: PDF/A mode OFF on input line 6093.
 (/nix/store/pwinl16ra67ia9iljw6kczkblbxay892-texlive-2023-env-texmfdist/tex/latex/base/atbegshi-ltx.sty
Package: atbegshi-ltx 2021/01/10 v1.0c Emulation of the original atbegshi
package with kernel methods
)
\Hy@abspage=\count389
\c@Item=\count390
\c@Hfootnote=\count391
)
Package hyperref Info: Driver (autodetected): hpdftex.
 (/nix/store/pwinl16ra67ia9iljw6kczkblbxay892-texlive-2023-env-texmfdist/tex/latex/hyperref/hpdftex.def
File: hpdftex.def 2024-01-20 v7.01h Hyperref driver for pdfTeX
 (/nix/store/pwinl16ra67ia9iljw6kczkblbxay892-texlive-2023-env-texmfdist/tex/latex/base/atveryend-ltx.sty
Package: atveryend-ltx 2020/08/19 v1.0a Emulation of the original atveryend package
with kernel methods
)
\Fld@listcount=\count392
\c@bookmark@seq@number=\count393
 (/nix/store/pwinl16ra67ia9iljw6kczkblbxay892-texlive-2023-env-texmfdist/tex/latex/rerunfilecheck/rerunfilecheck.sty
Package: rerunfilecheck 2022-07-10 v1.10 Rerun checks for auxiliary files (HO)
 (/nix/store/pwinl16ra67ia9iljw6kczkblbxay892-texlive-2023-env-texmfdist/tex/generic/uniquecounter/uniquecounter.sty
Package: uniquecounter 2019/12/15 v1.4 Provide unlimited unique counter (HO)
)
Package uniquecounter Info: New unique counter `rerunfilecheck' on input line 285.
)
\Hy@SectionHShift=\skip61
)
Package hyperref Info: Option `colorlinks' set `true' on input line 266.
)
Package translations Info: No language package found. I am going to use `english' as default language. on input line 9.
 (./main.aux)
\openout1 = `main.aux'.

LaTeX Font Info:    Checking defaults for OML/cmm/m/it on input line 9.
LaTeX Font Info:    ... okay on input line 9.
LaTeX Font Info:    Checking defaults for OMS/cmsy/m/n on input line 9.
LaTeX Font Info:    ... okay on input line 9.
LaTeX Font Info:    Checking defaults for OT1/cmr/m/n on input line 9.
LaTeX Font Info:    ... okay on input line 9.
LaTeX Font Info:    Checking defaults for T1/cmr/m/n on input line 9.
LaTeX Font Info:    ... okay on input line 9.
LaTeX Font Info:    Checking defaults for TS1/cmr/m/n on input line 9.
LaTeX Font Info:    ... okay on input line 9.
LaTeX Font Info:    Checking defaults for OMX/cmex/m/n on input line 9.
LaTeX Font Info:    ... okay on input line 9.
LaTeX Font Info:    Checking defaults for U/cmr/m/n on input line 9.
LaTeX Font Info:    ... okay on input line 9.
LaTeX Font Info:    Checking defaults for PD1/pdf/m/n on input line 9.
LaTeX Font Info:    ... okay on input line 9.
LaTeX Font Info:    Checking defaults for PU/pdf/m/n on input line 9.
LaTeX Font Info:    ... okay on input line 9.
 (/nix/store/pwinl16ra67ia9iljw6kczkblbxay892-texlive-2023-env-texmfdist/tex/context/base/mkii/supp-pdf.mkii
[Loading MPS to PDF converter (version 2006.09.02).]
\scratchcounter=\count394
\scratchdimen=\dimen409
\scratchbox=\box122
\nofMPsegments=\count395
\nofMParguments=\count396
\everyMPshowfont=\toks55
\MPscratchCnt=\count397
\MPscratchDim=\dimen410
\MPnumerator=\count398
\makeMPintoPDFobject=\count399
\everyMPtoPDFconversion=\toks56
) (/nix/store/pwinl16ra67ia9iljw6kczkblbxay892-texlive-2023-env-texmfdist/tex/latex/epstopdf-pkg/epstopdf-base.sty
Package: epstopdf-base 2020-01-24 v2.11 Base part for package epstopdf
Package epstopdf-base Info: Redefining graphics rule for `.eps' on input line 485.
 (/nix/store/pwinl16ra67ia9iljw6kczkblbxay892-texlive-2023-env-texmfdist/tex/latex/latexconfig/epstopdf-sys.cfg
File: epstopdf-sys.cfg 2010/07/13 v1.3 Configuration of (r)epstopdf for TeX Live
)) (/nix/store/pwinl16ra67ia9iljw6kczkblbxay892-texlive-2023-env-texmfdist/tex/latex/translations/translations-basic-dictionary-english.trsl
File: translations-basic-dictionary-english.trsl (english translation file `translations-basic-dictionary')
)
Package translations Info: loading dictionary `translations-basic-dictionary' for `english'. on input line 9.

Package pgfplots notification 'compat/show suggested version=true': document has been generated with the most recent feature set (\pgfplotsset{compat=1.18}).

(/nix/store/pwinl16ra67ia9iljw6kczkblbxay892-texlive-2023-env-texmfdist/tex/latex/upquote/upquote.sty
Package: upquote 2012/04/19 v1.3 upright-quote and grave-accent glyphs in verbatim
)
\c@lstlisting=\count400
Package caption Info: Begin \AtBeginDocument code.
Package caption Info: float package is loaded.
Package caption Info: hyperref package is loaded.
Package caption Info: wrapfig package is loaded.
Package caption Info: End \AtBeginDocument code.
\symgns@font=\mathgroup6
LaTeX Font Info:    Overwriting symbol font `gns@font' in version `bold'
(Font)                  TS1/cmr/m/n --> TS1/cmr/b/n on input line 9.
Package gensymb Info: Math companion symbols declared on input line 9.
LaTeX Info: Redefining \degree on input line 9.
LaTeX Info: Redefining \celsius on input line 9.
Package gensymb Info: Using text companion symbols for \degree, \celsius and \perthousand on input line 9.
LaTeX Info: Redefining \ohm on input line 9.
Package gensymb Info: Using \textohm for \ohm on input line 9.
LaTeX Info: Redefining \micro on input line 9.
Package gensymb Info: Using \textmu for \micro on input line 9.

*geometry* driver: auto-detecting
*geometry* detected driver: pdftex
*geometry* verbose mode - [ preamble ] result:
* driver: pdftex
* paper: letterpaper
* layout: <same size as paper>
* layoutoffset:(h,v)=(0.0pt,0.0pt)
* modes: 
* h-part:(L,W,R)=(45.0pt, 524.295pt, 45.0pt)
* v-part:(T,H,B)=(45.0pt, 704.96999pt, 45.0pt)
* \paperwidth=614.295pt
* \paperheight=794.96999pt
* \textwidth=524.295pt
* \textheight=704.96999pt
* \oddsidemargin=-27.26999pt
* \evensidemargin=-27.26999pt
* \topmargin=-64.26999pt
* \headheight=12.0pt
* \headsep=25.0pt
* \topskip=12.0pt
* \footskip=30.0pt
* \marginparwidth=44.0pt
* \marginparsep=10.0pt
* \columnsep=10.0pt
* \skip\footins=10.8pt plus 4.0pt minus 2.0pt
* \hoffset=0.0pt
* \voffset=0.0pt
* \mag=1000
* \@twocolumnfalse
* \@twosidefalse
* \@mparswitchfalse
* \@reversemarginfalse
* (1in=72.27pt=25.4mm, 1cm=28.453pt)

Package hyperref Info: Link coloring ON on input line 9.
(./main.out) (./main.out)
\@outlinefile=\write4
\openout4 = `main.out'.

LaTeX Font Info:    Trying to load font information for U+msa on input line 12.
 (/nix/store/pwinl16ra67ia9iljw6kczkblbxay892-texlive-2023-env-texmfdist/tex/latex/amsfonts/umsa.fd
File: umsa.fd 2013/01/14 v3.01 AMS symbols A
)
LaTeX Font Info:    Trying to load font information for U+msb on input line 12.
 (/nix/store/pwinl16ra67ia9iljw6kczkblbxay892-texlive-2023-env-texmfdist/tex/latex/amsfonts/umsb.fd
File: umsb.fd 2013/01/14 v3.01 AMS symbols B
) (./main.toc)
\tf@toc=\write5
\openout5 = `main.toc'.

 [1

{/nix/store/imlp9jqissm5bg1q8yk1glsfsvfpf8kl-texlive-2023-env/share/texmf-var/fonts/map/pdftex/updmap/pdftex.map}{/nix/store/pwinl16ra67ia9iljw6kczkblbxay892-texlive-2023-env-texmfdist/fonts/enc/dvips/cm-super/cm-super-t1.enc}] (./lec_001.tex (./figures/fig_001.tex)
File: figures/fig_001.tex Graphic file (type tex)
 (./figures/fig_002.tex
Package pgfplots info on input line 27: Overriding colorspace to rgb due to xcolor configuration.
)
File: figures/fig_002.tex Graphic file (type tex)
 (/nix/store/pwinl16ra67ia9iljw6kczkblbxay892-texlive-2023-env-texmfdist/tex/latex/listings/lstlang1.sty
File: lstlang1.sty 2024/02/21 1.10 listings language file
)
LaTeX Font Info:    Trying to load font information for T1+zi4 on input line 35.
 (/nix/store/pwinl16ra67ia9iljw6kczkblbxay892-texlive-2023-env-texmfdist/tex/latex/inconsolata/t1zi4.fd
File: t1zi4.fd 2018/01/14 T1/zi4 (Inconsolata)
)
LaTeX Font Info:    Font shape `T1/zi4/m/n' will be
(Font)              scaled to size 12.0pt on input line 35.
LaTeX Font Info:    Font shape `T1/zi4/m/n' will be
(Font)              scaled to size 10.95pt on input line 35.
 [2{/nix/store/pwinl16ra67ia9iljw6kczkblbxay892-texlive-2023-env-texmfdist/fonts/enc/dvips/inconsolata/i4-t1-0.enc}]) [3] (./main.aux)
 ***********
LaTeX2e <2023-11-01> patch level 1
L3 programming layer <2024-02-20>
 ***********
Package rerunfilecheck Info: File `main.out' has not changed.
(rerunfilecheck)             Checksum: 9E796DF70E04A208A10ACF6B31916EA8;78.
 ) 
Here is how much of TeX's memory you used:
 63179 strings out of 474116
 1618578 string characters out of 5720541
 2595132 words of memory out of 5000000
 84738 multiletter control sequences out of 15000+600000
 574715 words of font info for 83 fonts, out of 8000000 for 9000
 1141 hyphenation exceptions out of 8191
 107i,23n,134p,1193b,2860s stack positions out of 10000i,1000n,20000p,200000b,200000s
</nix/store/pwinl16ra67ia9iljw6kczkblbxay892-texlive-2023-env-texmfdist/fonts/type1/public/inconsolata/Inconsolata-zi4r.pfb></nix/store/pwinl16ra67ia9iljw6kczkblbxay892-texlive-2023-env-texmfdist/fonts/type1/public/amsfonts/cm/cmmi12.pfb></nix/store/pwinl16ra67ia9iljw6kczkblbxay892-texlive-2023-env-texmfdist/fonts/type1/public/amsfonts/cm/cmr12.pfb></nix/store/pwinl16ra67ia9iljw6kczkblbxay892-texlive-2023-env-texmfdist/fonts/type1/public/amsfonts/cm/cmr8.pfb></nix/store/pwinl16ra67ia9iljw6kczkblbxay892-texlive-2023-env-texmfdist/fonts/type1/public/amsfonts/cm/cmsy10.pfb></nix/store/pwinl16ra67ia9iljw6kczkblbxay892-texlive-2023-env-texmfdist/fonts/type1/public/amsfonts/symbols/msbm10.pfb></nix/store/pwinl16ra67ia9iljw6kczkblbxay892-texlive-2023-env-texmfdist/fonts/type1/public/cm-super/sfbx1200.pfb></nix/store/pwinl16ra67ia9iljw6kczkblbxay892-texlive-2023-env-texmfdist/fonts/type1/public/cm-super/sfrm1000.pfb></nix/store/pwinl16ra67ia9iljw6kczkblbxay892-texlive-2023-env-texmfdist/fonts/type1/public/cm-super/sfrm1095.pfb></nix/store/pwinl16ra67ia9iljw6kczkblbxay892-texlive-2023-env-texmfdist/fonts/type1/public/cm-super/sfrm1200.pfb></nix/store/pwinl16ra67ia9iljw6kczkblbxay892-texlive-2023-env-texmfdist/fonts/type1/public/cm-super/sfrm1440.pfb></nix/store/pwinl16ra67ia9iljw6kczkblbxay892-texlive-2023-env-texmfdist/fonts/type1/public/cm-super/sfrm2074.pfb></nix/store/pwinl16ra67ia9iljw6kczkblbxay892-texlive-2023-env-texmfdist/fonts/type1/public/cm-super/sfxc1728.pfb>
Output written on main.pdf (3 pages, 163105 bytes).
PDF statistics:
 142 PDF objects out of 1000 (max. 8388607)
 109 compressed objects within 2 object streams
 39 named destinations out of 1000 (max. 500000)
 21 words of extra memory for PDF output out of 10000 (max. 10000000)

